# JRE version: OpenJDK Runtime Environment (8.0_191-b12) (build 1.8.0_191-8u191-b12-2ubuntu0.16.04.1-b12)
# Java VM: OpenJDK 64-Bit Server VM (25.191-b12 mixed mode linux-amd64 compressed oops)
Heap:
 PSYoungGen      total 240128K, used 99354K [0x00000000d6700000, 0x00000000e6b80000, 0x0000000100000000)
  eden space 226304K, 38% used [0x00000000d6700000,0x00000000dbb04f30,0x00000000e4400000)
  from space 13824K, 96% used [0x00000000e5e00000,0x00000000e6b01b70,0x00000000e6b80000)
  to   space 19968K, 15% used [0x00000000e4480000,0x00000000e478c040,0x00000000e5800000)
 ParOldGen       total 133120K, used 32948K [0x0000000083400000, 0x000000008b600000, 0x00000000d6700000)
  object space 133120K, 24% used [0x0000000083400000,0x000000008542d118,0x000000008b600000)
 Metaspace       used 65717K, capacity 68614K, committed 68696K, reserved 1107968K
  class space    used 8779K, capacity 9290K, committed 9304K, reserved 1048576K
GC Heap History (10 events):
Event: 7,414 GC heap after
Heap after GC invocations=11 (full 2):
 PSYoungGen      total 155648K, used 0K [0x00000000d6700000, 0x00000000e4100000, 0x0000000100000000)
  eden space 140800K, 0% used [0x00000000d6700000,0x00000000d6700000,0x00000000df080000)
  from space 14848K, 0% used [0x00000000df080000,0x00000000df080000,0x00000000dff00000)
  to   space 15360K, 0% used [0x00000000e3200000,0x00000000e3200000,0x00000000e4100000)
 ParOldGen       total 92160K, used 17245K [0x0000000083400000, 0x0000000088e00000, 0x00000000d6700000)
  object space 92160K, 18% used [0x0000000083400000,0x00000000844d77f0,0x0000000088e00000)
 Metaspace       used 33761K, capacity 35334K, committed 35416K, reserved 1079296K
  class space    used 4288K, capacity 4627K, committed 4696K, reserved 1048576K
}
Event: 10,145 GC heap before
{Heap before GC invocations=12 (full 2):
 PSYoungGen      total 155648K, used 140800K [0x00000000d6700000, 0x00000000e4100000, 0x0000000100000000)
  eden space 140800K, 100% used [0x00000000d6700000,0x00000000df080000,0x00000000df080000)
  from space 14848K, 0% used [0x00000000df080000,0x00000000df080000,0x00000000dff00000)
  to   space 15360K, 0% used [0x00000000e3200000,0x00000000e3200000,0x00000000e4100000)
 ParOldGen       total 92160K, used 17245K [0x0000000083400000, 0x0000000088e00000, 0x00000000d6700000)
  object space 92160K, 18% used [0x0000000083400000,0x00000000844d77f0,0x0000000088e00000)
 Metaspace       used 46091K, capacity 47872K, committed 48216K, reserved 1091584K
  class space    used 6061K, capacity 6438K, committed 6488K, reserved 1048576K
Event: 10,170 GC heap after
Heap after GC invocations=12 (full 2):
 PSYoungGen      total 196608K, used 13402K [0x00000000d6700000, 0x00000000e3f80000, 0x0000000100000000)
  eden space 182784K, 0% used [0x00000000d6700000,0x00000000d6700000,0x00000000e1980000)
  from space 13824K, 96% used [0x00000000e3200000,0x00000000e3f16bb0,0x00000000e3f80000)
  to   space 16896K, 0% used [0x00000000e1e80000,0x00000000e1e80000,0x00000000e2f00000)
 ParOldGen       total 92160K, used 17253K [0x0000000083400000, 0x0000000088e00000, 0x00000000d6700000)
  object space 92160K, 18% used [0x0000000083400000,0x00000000844d97f0,0x0000000088e00000)
 Metaspace       used 46091K, capacity 47872K, committed 48216K, reserved 1091584K
  class space    used 6061K, capacity 6438K, committed 6488K, reserved 1048576K
}
Event: 12,596 GC heap before
{Heap before GC invocations=13 (full 2):
 PSYoungGen      total 196608K, used 179690K [0x00000000d6700000, 0x00000000e3f80000, 0x0000000100000000)
  eden space 182784K, 90% used [0x00000000d6700000,0x00000000e0963df0,0x00000000e1980000)
  from space 13824K, 96% used [0x00000000e3200000,0x00000000e3f16bb0,0x00000000e3f80000)
  to   space 16896K, 0% used [0x00000000e1e80000,0x00000000e1e80000,0x00000000e2f00000)
 ParOldGen       total 92160K, used 17253K [0x0000000083400000, 0x0000000088e00000, 0x00000000d6700000)
  object space 92160K, 18% used [0x0000000083400000,0x00000000844d97f0,0x0000000088e00000)
 Metaspace       used 56497K, capacity 58944K, committed 59028K, reserved 1099776K
  class space    used 7641K, capacity 8092K, committed 8152K, reserved 1048576K
Event: 12,636 GC heap after
Heap after GC invocations=13 (full 2):
 PSYoungGen      total 204800K, used 16875K [0x00000000d6700000, 0x00000000e7100000, 0x0000000100000000)
  eden space 187904K, 0% used [0x00000000d6700000,0x00000000d6700000,0x00000000e1e80000)
  from space 16896K, 99% used [0x00000000e1e80000,0x00000000e2efac30,0x00000000e2f00000)
  to   space 19456K, 0% used [0x00000000e5e00000,0x00000000e5e00000,0x00000000e7100000)
 ParOldGen       total 92160K, used 17509K [0x0000000083400000, 0x0000000088e00000, 0x00000000d6700000)
  object space 92160K, 18% used [0x0000000083400000,0x0000000084519580,0x0000000088e00000)
 Metaspace       used 56497K, capacity 58944K, committed 59028K, reserved 1099776K
  class space    used 7641K, capacity 8092K, committed 8152K, reserved 1048576K
}
Event: 12,636 GC heap before
{Heap before GC invocations=14 (full 3):
 PSYoungGen      total 204800K, used 16875K [0x00000000d6700000, 0x00000000e7100000, 0x0000000100000000)
  eden space 187904K, 0% used [0x00000000d6700000,0x00000000d6700000,0x00000000e1e80000)
  from space 16896K, 99% used [0x00000000e1e80000,0x00000000e2efac30,0x00000000e2f00000)
  to   space 19456K, 0% used [0x00000000e5e00000,0x00000000e5e00000,0x00000000e7100000)
 ParOldGen       total 92160K, used 17509K [0x0000000083400000, 0x0000000088e00000, 0x00000000d6700000)
  object space 92160K, 18% used [0x0000000083400000,0x0000000084519580,0x0000000088e00000)
 Metaspace       used 56497K, capacity 58944K, committed 59028K, reserved 1099776K
  class space    used 7641K, capacity 8092K, committed 8152K, reserved 1048576K
Event: 13,000 GC heap after
Heap after GC invocations=14 (full 3):
 PSYoungGen      total 204800K, used 0K [0x00000000d6700000, 0x00000000e7100000, 0x0000000100000000)
  eden space 187904K, 0% used [0x00000000d6700000,0x00000000d6700000,0x00000000e1e80000)
  from space 16896K, 0% used [0x00000000e1e80000,0x00000000e1e80000,0x00000000e2f00000)
  to   space 19456K, 0% used [0x00000000e5e00000,0x00000000e5e00000,0x00000000e7100000)
 ParOldGen       total 133120K, used 32940K [0x0000000083400000, 0x000000008b600000, 0x00000000d6700000)
  object space 133120K, 24% used [0x0000000083400000,0x000000008542b118,0x000000008b600000)
 Metaspace       used 56497K, capacity 58944K, committed 59028K, reserved 1099776K
  class space    used 7641K, capacity 8092K, committed 8152K, reserved 1048576K
}
Event: 242,493 GC heap before
{Heap before GC invocations=15 (full 3):
 PSYoungGen      total 204800K, used 187904K [0x00000000d6700000, 0x00000000e7100000, 0x0000000100000000)
  eden space 187904K, 100% used [0x00000000d6700000,0x00000000e1e80000,0x00000000e1e80000)
  from space 16896K, 0% used [0x00000000e1e80000,0x00000000e1e80000,0x00000000e2f00000)
  to   space 19456K, 0% used [0x00000000e5e00000,0x00000000e5e00000,0x00000000e7100000)
 ParOldGen       total 133120K, used 32940K [0x0000000083400000, 0x000000008b600000, 0x00000000d6700000)
  object space 133120K, 24% used [0x0000000083400000,0x000000008542b118,0x000000008b600000)
 Metaspace       used 65191K, capacity 68042K, committed 68184K, reserved 1107968K
  class space    used 8731K, capacity 9237K, committed 9304K, reserved 1048576K
Event: 242,521 GC heap after
Heap after GC invocations=15 (full 3):
 PSYoungGen      total 240128K, used 13318K [0x00000000d6700000, 0x00000000e6b80000, 0x0000000100000000)
  eden space 226304K, 0% used [0x00000000d6700000,0x00000000d6700000,0x00000000e4400000)
  from space 13824K, 96% used [0x00000000e5e00000,0x00000000e6b01b70,0x00000000e6b80000)
  to   space 19968K, 0% used [0x00000000e4480000,0x00000000e4480000,0x00000000e5800000)
 ParOldGen       total 133120K, used 32948K [0x0000000083400000, 0x000000008b600000, 0x00000000d6700000)
  object space 133120K, 24% used [0x0000000083400000,0x000000008542d118,0x000000008b600000)
 Metaspace       used 65191K, capacity 68042K, committed 68184K, reserved 1107968K
  class space    used 8731K, capacity 9237K, committed 9304K, reserved 1048576K
}
Event: 579,197 GC heap before
{Heap before GC invocations=16 (full 3):
 PSYoungGen      total 240128K, used 99354K [0x00000000d6700000, 0x00000000e6b80000, 0x0000000100000000)
  eden space 226304K, 38% used [0x00000000d6700000,0x00000000dbb04f30,0x00000000e4400000)
  from space 13824K, 96% used [0x00000000e5e00000,0x00000000e6b01b70,0x00000000e6b80000)
  to   space 19968K, 0% used [0x00000000e4480000,0x00000000e4480000,0x00000000e5800000)
 ParOldGen       total 133120K, used 32948K [0x0000000083400000, 0x000000008b600000, 0x00000000d6700000)
  object space 133120K, 24% used [0x0000000083400000,0x000000008542d118,0x000000008b600000)
 Metaspace       used 65717K, capacity 68614K, committed 68696K, reserved 1107968K
  class space    used 8779K, capacity 9290K, committed 9304K, reserved 1048576K

